<?xml version="1.0" encoding="UTF-8"?>
<!-- Generated by org.testng.reporters.JUnitReportReporter -->
<testsuite hostname="LAPTOP-CIPN5V9I" failures="0" tests="3" name="com.class01.TestNGDemo" time="0.013" errors="0" timestamp="2020-05-19T22:14:51 EDT" skipped="0">
  <testcase classname="com.class01.TestNGDemo" name="testThree" time="0.001"/>
  <system-out/>
  <testcase classname="com.class01.TestNGDemo" name="testOne" time="0.011"/>
  <system-out/>
  <testcase classname="com.class01.TestNGDemo" name="testTwo" time="0.001"/>
  <system-out/>
</testsuite> <!-- com.class01.TestNGDemo -->
