<?xml version="1.0" encoding="UTF-8"?>
<!-- Generated by org.testng.reporters.JUnitReportReporter -->
<testsuite hostname="LAPTOP-CIPN5V9I" failures="0" tests="1" name="com.class01.DifferentAnnotations" time="0.007" errors="0" timestamp="2020-05-19T20:03:00 EDT" skipped="0">
  <testcase classname="com.class01.DifferentAnnotations" name="test" time="0.007"/>
  <system-out/>
</testsuite> <!-- com.class01.DifferentAnnotations -->
