<?xml version="1.0" encoding="UTF-8"?>
<!-- Generated by org.testng.reporters.JUnitReportReporter -->
<testsuite hostname="LAPTOP-CIPN5V9I" failures="0" tests="2" name="com.class02.HW" time="31.841" errors="0" timestamp="2020-05-21T16:29:10 EDT" skipped="0">
  <testcase classname="com.class02.HW" name="login" time="14.682"/>
  <system-out/>
  <testcase classname="com.class02.HW" name="addEmplyee" time="17.159"/>
  <system-out/>
</testsuite> <!-- com.class02.HW -->
