<?xml version="1.0" encoding="UTF-8"?>
<!-- Generated by org.testng.reporters.JUnitReportReporter -->
<testsuite hostname="LAPTOP-CIPN5V9I" failures="0" tests="2" name="com.HomeWork.Tests.TestAddEmployee" time="34.656" errors="0" timestamp="2020-05-25T22:48:25 EDT" skipped="0">
  <testcase classname="com.HomeWork.Tests.TestAddEmployee" name="addingLoginCredentials" time="19.415"/>
  <system-out/>
  <testcase classname="com.HomeWork.Tests.TestAddEmployee" name="requiredFiled" time="15.241"/>
  <system-out/>
</testsuite> <!-- com.HomeWork.Tests.TestAddEmployee -->
