<?xml version="1.0" encoding="UTF-8"?>
<!-- Generated by org.testng.reporters.JUnitReportReporter -->
<testsuite hostname="LAPTOP-CIPN5V9I" failures="0" tests="2" name="com.class01.Task1" time="15.313" errors="0" timestamp="2020-05-20T15:05:38 EDT" skipped="0">
  <testcase classname="com.class01.Task1" name="validLogin" time="8.719"/>
  <system-out/>
  <testcase classname="com.class01.Task1" name="invalidLogin" time="6.594"/>
  <system-out/>
</testsuite> <!-- com.class01.Task1 -->
