<?xml version="1.0" encoding="UTF-8"?>
<!-- Generated by org.testng.reporters.JUnitReportReporter -->
<testsuite hostname="LAPTOP-CIPN5V9I" failures="0" tests="3" name="com.HomeWork.pages.AddEmployUsingDataProvider" time="48.341" errors="0" timestamp="2020-05-27T15:30:40 EDT" skipped="0">
  <testcase classname="com.HomeWork.pages.AddEmployUsingDataProvider" name="data" time="15.726"/>
  <system-out/>
  <testcase classname="com.HomeWork.pages.AddEmployUsingDataProvider" name="data" time="15.701"/>
  <system-out/>
  <testcase classname="com.HomeWork.pages.AddEmployUsingDataProvider" name="data" time="16.914"/>
  <system-out/>
</testsuite> <!-- com.HomeWork.pages.AddEmployUsingDataProvider -->
