<?xml version="1.0" encoding="UTF-8"?>
<!-- Generated by org.testng.reporters.JUnitReportReporter -->
<testsuite hostname="LAPTOP-CIPN5V9I" failures="0" tests="1" name="com.class01.TitleLogoAndLoginValidation" time="10.892" errors="0" timestamp="2020-05-20T14:51:15 EDT" skipped="0">
  <testcase classname="com.class01.TitleLogoAndLoginValidation" name="validLogin" time="10.892"/>
  <system-out/>
</testsuite> <!-- com.class01.TitleLogoAndLoginValidation -->
