<?xml version="1.0" encoding="UTF-8"?>
<!-- Generated by org.testng.reporters.JUnitReportReporter -->
<testsuite hostname="LAPTOP-CIPN5V9I" failures="0" tests="5" name="com.class02.TaskOne" time="0.006" errors="0" timestamp="2020-05-20T23:09:20 EDT" skipped="1">
  <testcase classname="com.class02.TaskOne" name="fourthMethod" time="0.004"/>
  <system-out/>
  <testcase classname="com.class02.TaskOne" name="thirdMethod" time="0.000"/>
  <system-out/>
  <testcase classname="com.class02.TaskOne" name="secondMethod" time="0.001"/>
  <system-out/>
  <testcase classname="com.class02.TaskOne" name="firstMethod" time="0.001"/>
  <system-out/>
  <testcase classname="com.class02.TaskOne" name="firstMethod1">
    <skipped/>
  </testcase> <!-- firstMethod1 -->
  <system-out/>
</testsuite> <!-- com.class02.TaskOne -->
