<?xml version="1.0" encoding="UTF-8"?>
<!-- Generated by org.testng.reporters.JUnitReportReporter -->
<testsuite hostname="LAPTOP-CIPN5V9I" failures="0" tests="3" name="com.class02.practice" time="12.226" errors="0" timestamp="2020-05-21T21:47:54 EDT" skipped="0">
  <testcase classname="com.class02.practice" name="select" time="4.064"/>
  <system-out/>
  <testcase classname="com.class02.practice" name="verify" time="3.814"/>
  <system-out/>
  <testcase classname="com.class02.practice" name="login" time="4.348"/>
  <system-out/>
</testsuite> <!-- com.class02.practice -->
