<?xml version="1.0" encoding="UTF-8"?>
<!-- Generated by org.testng.reporters.JUnitReportReporter -->
<testsuite hostname="LAPTOP-CIPN5V9I" failures="0" tests="1" name="com.class01.TitleLogoAndLoginValidation" time="8.778" errors="0" timestamp="2020-05-26T20:13:07 EDT" skipped="0">
  <testcase classname="com.class01.TitleLogoAndLoginValidation" name="validLogin" time="8.778"/>
  <system-out/>
</testsuite> <!-- com.class01.TitleLogoAndLoginValidation -->
