<?xml version="1.0" encoding="UTF-8"?>
<!-- Generated by org.testng.reporters.JUnitReportReporter -->
<testsuite hostname="LAPTOP-CIPN5V9I" failures="0" tests="1" name="com.class02.Task" time="9.771" errors="0" timestamp="2020-05-20T22:13:42 EDT" skipped="0">
  <testcase classname="com.class02.Task" name="logo" time="9.771"/>
  <system-out/>
</testsuite> <!-- com.class02.Task -->
