<?xml version="1.0" encoding="UTF-8"?>
<!-- Generated by org.testng.reporters.JUnitReportReporter -->
<testsuite hostname="LAPTOP-CIPN5V9I" failures="0" tests="3" name="com.class03.DataProviderDemo" time="19.640" errors="0" timestamp="2020-05-26T22:54:03 EDT" skipped="0">
  <testcase classname="com.class03.DataProviderDemo" name="login" time="6.774"/>
  <system-out/>
  <testcase classname="com.class03.DataProviderDemo" name="login" time="7.408"/>
  <system-out/>
  <testcase classname="com.class03.DataProviderDemo" name="login" time="5.458"/>
  <system-out/>
</testsuite> <!-- com.class03.DataProviderDemo -->
