<?xml version="1.0" encoding="UTF-8"?>
<!-- Generated by org.testng.reporters.JUnitReportReporter -->
<testsuite hostname="LAPTOP-CIPN5V9I" failures="0" tests="2" name="com.class03.GroupsDemo" time="0.006" errors="0" timestamp="2020-05-26T21:20:52 EDT" skipped="0">
  <testcase classname="com.class03.GroupsDemo" name="test1" time="0.005"/>
  <system-out/>
  <testcase classname="com.class03.GroupsDemo" name="test3" time="0.001"/>
  <system-out/>
</testsuite> <!-- com.class03.GroupsDemo -->
