<?xml version="1.0" encoding="UTF-8"?>
<!-- Generated by org.testng.reporters.JUnitReportReporter -->
<testsuite hostname="LAPTOP-CIPN5V9I" failures="0" tests="3" name="com.class01.TaskTwo" time="0.012" errors="0" timestamp="2020-05-19T21:21:59 EDT" skipped="0">
  <testcase classname="com.class01.TaskTwo" name="Test1" time="0.010"/>
  <system-out/>
  <testcase classname="com.class01.TaskTwo" name="Test2" time="0.001"/>
  <system-out/>
  <testcase classname="com.class01.TaskTwo" name="Test3" time="0.001"/>
  <system-out/>
</testsuite> <!-- com.class01.TaskTwo -->
