<?xml version="1.0" encoding="UTF-8"?>
<!-- Generated by org.testng.reporters.JUnitReportReporter -->
<testsuite hostname="LAPTOP-CIPN5V9I" failures="0" tests="1" name="com.test.AddEmployeeTest" time="8.415" errors="0" timestamp="2020-05-25T15:15:11 EDT" skipped="0">
  <testcase classname="com.test.AddEmployeeTest" name="addEmployeePage" time="8.415"/>
  <system-out/>
</testsuite> <!-- com.test.AddEmployeeTest -->
